<?xml version="1.0" encoding="UTF-8"?>
<!-- Generated by org.testng.reporters.JUnitReportReporter -->
<testsuite skipped="0" hostname="LAPTOP-IQRTTK1R" name="TestScripts.Automationtest" tests="1" failures="0" timestamp="13 Feb 2021 06:10:02 GMT" time="40.091" errors="0">
  <testcase name="moneyTransfer" time="40.091" classname="TestScripts.Automationtest"/>
</testsuite> <!-- TestScripts.Automationtest -->
